...
----------------------------------------------------------------------
Ran 3 tests in 0.943s

OK
...
----------------------------------------------------------------------
Ran 3 tests in 2.517s

OK
...
----------------------------------------------------------------------
Ran 3 tests in 2.590s

OK
...
----------------------------------------------------------------------
Ran 3 tests in 2.679s

OK
...
----------------------------------------------------------------------
Ran 3 tests in 2.647s

OK
...
----------------------------------------------------------------------
Ran 3 tests in 2.670s

OK
...
----------------------------------------------------------------------
Ran 3 tests in 2.583s

OK
...
----------------------------------------------------------------------
Ran 3 tests in 2.604s

OK
...
----------------------------------------------------------------------
Ran 3 tests in 2.555s

OK
.F.
======================================================================
FAIL: test_add_user (__main__.Test)
----------------------------------------------------------------------
Traceback (most recent call last):
  File "unit_test.py", line 35, in test_add_user
    self.assertEqual(UserController.add_user(self.user_1), 'SUCCESS')
AssertionError: 'DUPLICATE' != 'SUCCESS'
- DUPLICATE
+ SUCCESS


----------------------------------------------------------------------
Ran 3 tests in 1.893s

FAILED (failures=1)
...
----------------------------------------------------------------------
Ran 3 tests in 2.473s

OK
...
----------------------------------------------------------------------
Ran 3 tests in 2.619s

OK
...
----------------------------------------------------------------------
Ran 3 tests in 2.636s

OK
...
----------------------------------------------------------------------
Ran 3 tests in 2.666s

OK
...
----------------------------------------------------------------------
Ran 3 tests in 2.549s

OK
...
----------------------------------------------------------------------
Ran 3 tests in 2.694s

OK
...
----------------------------------------------------------------------
Ran 3 tests in 2.497s

OK
...
----------------------------------------------------------------------
Ran 3 tests in 2.521s

OK
.F.
======================================================================
FAIL: test_add_user (__main__.Test)
----------------------------------------------------------------------
Traceback (most recent call last):
  File "unit_test.py", line 35, in test_add_user
    self.assertEqual(UserController.add_user(self.user_1), 'SUCCESS')
AssertionError: 'DUPLICATE' != 'SUCCESS'
- DUPLICATE
+ SUCCESS


----------------------------------------------------------------------
Ran 3 tests in 1.991s

FAILED (failures=1)
...
----------------------------------------------------------------------
Ran 3 tests in 2.676s

OK
...
----------------------------------------------------------------------
Ran 3 tests in 2.476s

OK
...
----------------------------------------------------------------------
Ran 3 tests in 2.595s

OK
...
----------------------------------------------------------------------
Ran 3 tests in 2.466s

OK
...
----------------------------------------------------------------------
Ran 3 tests in 2.598s

OK
...
----------------------------------------------------------------------
Ran 3 tests in 2.664s

OK
...
----------------------------------------------------------------------
Ran 3 tests in 2.452s

OK
...
----------------------------------------------------------------------
Ran 3 tests in 2.673s

OK
...
----------------------------------------------------------------------
Ran 3 tests in 2.662s

OK
...
----------------------------------------------------------------------
Ran 3 tests in 2.691s

OK
...
----------------------------------------------------------------------
Ran 3 tests in 2.438s

OK
.F.
======================================================================
FAIL: test_add_user (__main__.Test)
----------------------------------------------------------------------
Traceback (most recent call last):
  File "unit_test.py", line 35, in test_add_user
    self.assertEqual(UserController.add_user(self.user_1), 'SUCCESS')
AssertionError: 'DUPLICATE' != 'SUCCESS'
- DUPLICATE
+ SUCCESS


----------------------------------------------------------------------
Ran 3 tests in 1.948s

FAILED (failures=1)
...
----------------------------------------------------------------------
Ran 3 tests in 2.624s

OK
...
----------------------------------------------------------------------
Ran 3 tests in 2.585s

OK
.F.
======================================================================
FAIL: test_add_user (__main__.Test)
----------------------------------------------------------------------
Traceback (most recent call last):
  File "unit_test.py", line 35, in test_add_user
    self.assertEqual(UserController.add_user(self.user_1), 'SUCCESS')
AssertionError: 'DUPLICATE' != 'SUCCESS'
- DUPLICATE
+ SUCCESS


----------------------------------------------------------------------
Ran 3 tests in 1.774s

FAILED (failures=1)
...
----------------------------------------------------------------------
Ran 3 tests in 2.643s

OK
...
----------------------------------------------------------------------
Ran 3 tests in 2.717s

OK
...
----------------------------------------------------------------------
Ran 3 tests in 2.627s

OK
...
----------------------------------------------------------------------
Ran 3 tests in 2.590s

OK
...
----------------------------------------------------------------------
Ran 3 tests in 2.907s

OK
...
----------------------------------------------------------------------
Ran 3 tests in 2.709s

OK
...
----------------------------------------------------------------------
Ran 3 tests in 2.881s

OK
...
----------------------------------------------------------------------
Ran 3 tests in 2.504s

OK
...
----------------------------------------------------------------------
Ran 3 tests in 2.500s

OK
...
----------------------------------------------------------------------
Ran 3 tests in 2.682s

OK
...
----------------------------------------------------------------------
Ran 3 tests in 2.545s

OK
...
----------------------------------------------------------------------
Ran 3 tests in 2.633s

OK
...
----------------------------------------------------------------------
Ran 3 tests in 2.598s

OK
...
----------------------------------------------------------------------
Ran 3 tests in 2.833s

OK
...
----------------------------------------------------------------------
Ran 3 tests in 2.659s

OK
...
----------------------------------------------------------------------
Ran 3 tests in 2.441s

OK
...
----------------------------------------------------------------------
Ran 3 tests in 2.616s

OK
...
----------------------------------------------------------------------
Ran 3 tests in 2.667s

OK
...
----------------------------------------------------------------------
Ran 3 tests in 2.528s

OK
...
----------------------------------------------------------------------
Ran 3 tests in 2.751s

OK
.F.
======================================================================
FAIL: test_add_user (__main__.Test)
----------------------------------------------------------------------
Traceback (most recent call last):
  File "unit_test.py", line 35, in test_add_user
    self.assertEqual(UserController.add_user(self.user_1), 'SUCCESS')
AssertionError: 'DUPLICATE' != 'SUCCESS'
- DUPLICATE
+ SUCCESS


----------------------------------------------------------------------
Ran 3 tests in 1.948s

FAILED (failures=1)
...
----------------------------------------------------------------------
Ran 3 tests in 2.654s

OK
...
----------------------------------------------------------------------
Ran 3 tests in 2.767s

OK
...
----------------------------------------------------------------------
Ran 3 tests in 2.587s

OK
...
----------------------------------------------------------------------
Ran 3 tests in 2.591s

OK
...
----------------------------------------------------------------------
Ran 3 tests in 2.400s

OK
...
----------------------------------------------------------------------
Ran 3 tests in 2.716s

OK
...
----------------------------------------------------------------------
Ran 3 tests in 2.669s

OK
...
----------------------------------------------------------------------
Ran 3 tests in 2.497s

OK
...
----------------------------------------------------------------------
Ran 3 tests in 2.545s

OK
...
----------------------------------------------------------------------
Ran 3 tests in 2.889s

OK
...
----------------------------------------------------------------------
Ran 3 tests in 2.640s

OK
...
----------------------------------------------------------------------
Ran 3 tests in 2.555s

OK
...
----------------------------------------------------------------------
Ran 3 tests in 2.787s

OK
...
----------------------------------------------------------------------
Ran 3 tests in 2.489s

OK
...
----------------------------------------------------------------------
Ran 3 tests in 2.558s

OK
...
----------------------------------------------------------------------
Ran 3 tests in 2.505s

OK
...
----------------------------------------------------------------------
Ran 3 tests in 2.642s

OK
...
----------------------------------------------------------------------
Ran 3 tests in 2.524s

OK
...
----------------------------------------------------------------------
Ran 3 tests in 2.576s

OK
...
----------------------------------------------------------------------
Ran 3 tests in 2.561s

OK
...
----------------------------------------------------------------------
Ran 3 tests in 2.597s

OK
...
----------------------------------------------------------------------
Ran 3 tests in 2.533s

OK
...
----------------------------------------------------------------------
Ran 3 tests in 2.547s

OK
...
----------------------------------------------------------------------
Ran 3 tests in 2.751s

OK
...
----------------------------------------------------------------------
Ran 3 tests in 2.729s

OK
...
----------------------------------------------------------------------
Ran 3 tests in 2.706s

OK
...
----------------------------------------------------------------------
Ran 3 tests in 2.778s

OK
...
----------------------------------------------------------------------
Ran 3 tests in 2.830s

OK
...
----------------------------------------------------------------------
Ran 3 tests in 2.661s

OK
...
----------------------------------------------------------------------
Ran 3 tests in 2.456s

OK
...
----------------------------------------------------------------------
Ran 3 tests in 2.564s

OK
...
----------------------------------------------------------------------
Ran 3 tests in 2.580s

OK
...
----------------------------------------------------------------------
Ran 3 tests in 2.690s

OK
...
----------------------------------------------------------------------
Ran 3 tests in 2.553s

OK
...
----------------------------------------------------------------------
Ran 3 tests in 2.556s

OK
...
----------------------------------------------------------------------
Ran 3 tests in 2.494s

OK
...
----------------------------------------------------------------------
Ran 3 tests in 2.573s

OK
...
----------------------------------------------------------------------
Ran 3 tests in 2.705s

OK
...
----------------------------------------------------------------------
Ran 3 tests in 2.677s

OK
...
----------------------------------------------------------------------
Ran 3 tests in 2.538s

OK
...
----------------------------------------------------------------------
Ran 3 tests in 2.834s

OK
...
----------------------------------------------------------------------
Ran 3 tests in 2.722s

OK
...
----------------------------------------------------------------------
Ran 3 tests in 2.620s

OK
...
----------------------------------------------------------------------
Ran 3 tests in 2.717s

OK
...
----------------------------------------------------------------------
Ran 3 tests in 2.678s

OK
...
----------------------------------------------------------------------
Ran 3 tests in 2.518s

OK
...
----------------------------------------------------------------------
Ran 3 tests in 2.662s

OK
...
----------------------------------------------------------------------
Ran 3 tests in 2.848s

OK
...
----------------------------------------------------------------------
Ran 3 tests in 2.446s

OK
.F.
======================================================================
FAIL: test_add_user (__main__.Test)
----------------------------------------------------------------------
Traceback (most recent call last):
  File "unit_test.py", line 35, in test_add_user
    self.assertEqual(UserController.add_user(self.user_1), 'SUCCESS')
AssertionError: 'DUPLICATE' != 'SUCCESS'
- DUPLICATE
+ SUCCESS


----------------------------------------------------------------------
Ran 3 tests in 2.087s

FAILED (failures=1)
...
----------------------------------------------------------------------
Ran 3 tests in 2.737s

OK
...
----------------------------------------------------------------------
Ran 3 tests in 2.969s

OK
...
----------------------------------------------------------------------
Ran 3 tests in 2.645s

OK
...
----------------------------------------------------------------------
Ran 3 tests in 2.719s

OK
...
----------------------------------------------------------------------
Ran 3 tests in 2.570s

OK
...
----------------------------------------------------------------------
Ran 3 tests in 2.408s

OK
...
----------------------------------------------------------------------
Ran 3 tests in 2.614s

OK
...
----------------------------------------------------------------------
Ran 3 tests in 2.513s

OK
...
----------------------------------------------------------------------
Ran 3 tests in 2.500s

OK
...
----------------------------------------------------------------------
Ran 3 tests in 2.730s

OK
...
----------------------------------------------------------------------
Ran 3 tests in 2.720s

OK
...
----------------------------------------------------------------------
Ran 3 tests in 2.572s

OK
...
----------------------------------------------------------------------
Ran 3 tests in 2.470s

OK
...
----------------------------------------------------------------------
Ran 3 tests in 2.736s

OK
...
----------------------------------------------------------------------
Ran 3 tests in 2.482s

OK
...
----------------------------------------------------------------------
Ran 3 tests in 2.625s

OK
...
----------------------------------------------------------------------
Ran 3 tests in 2.733s

OK
...
----------------------------------------------------------------------
Ran 3 tests in 2.553s

OK
...
----------------------------------------------------------------------
Ran 3 tests in 2.737s

OK
...
----------------------------------------------------------------------
Ran 3 tests in 2.599s

OK
...
----------------------------------------------------------------------
Ran 3 tests in 2.616s

OK
...
----------------------------------------------------------------------
Ran 3 tests in 2.652s

OK
...
----------------------------------------------------------------------
Ran 3 tests in 2.442s

OK
...
----------------------------------------------------------------------
Ran 3 tests in 2.736s

OK
...
----------------------------------------------------------------------
Ran 3 tests in 2.751s

OK
...
----------------------------------------------------------------------
Ran 3 tests in 2.572s

OK
.F.
======================================================================
FAIL: test_add_user (__main__.Test)
----------------------------------------------------------------------
Traceback (most recent call last):
  File "unit_test.py", line 35, in test_add_user
    self.assertEqual(UserController.add_user(self.user_1), 'SUCCESS')
AssertionError: 'DUPLICATE' != 'SUCCESS'
- DUPLICATE
+ SUCCESS


----------------------------------------------------------------------
Ran 3 tests in 1.819s

FAILED (failures=1)
...
----------------------------------------------------------------------
Ran 3 tests in 2.804s

OK
...
----------------------------------------------------------------------
Ran 3 tests in 2.584s

OK
...
----------------------------------------------------------------------
Ran 3 tests in 2.662s

OK
...
----------------------------------------------------------------------
Ran 3 tests in 2.620s

OK
...
----------------------------------------------------------------------
Ran 3 tests in 2.508s

OK
...
----------------------------------------------------------------------
Ran 3 tests in 2.394s

OK
...
----------------------------------------------------------------------
Ran 3 tests in 2.572s

OK
...
----------------------------------------------------------------------
Ran 3 tests in 2.621s

OK
...
----------------------------------------------------------------------
Ran 3 tests in 2.587s

OK
...
----------------------------------------------------------------------
Ran 3 tests in 2.461s

OK
...
----------------------------------------------------------------------
Ran 3 tests in 2.647s

OK
...
----------------------------------------------------------------------
Ran 3 tests in 2.700s

OK
...
----------------------------------------------------------------------
Ran 3 tests in 2.826s

OK
.F.
======================================================================
FAIL: test_add_user (__main__.Test)
----------------------------------------------------------------------
Traceback (most recent call last):
  File "unit_test.py", line 36, in test_add_user
    self.assertEqual(UserController.add_user(self.user_1), 'DUPLICATE')
AssertionError: 'SUCCESS' != 'DUPLICATE'
- SUCCESS
+ DUPLICATE


----------------------------------------------------------------------
Ran 3 tests in 2.464s

FAILED (failures=1)
...
----------------------------------------------------------------------
Ran 3 tests in 2.379s

OK
...
----------------------------------------------------------------------
Ran 3 tests in 2.509s

OK
...
----------------------------------------------------------------------
Ran 3 tests in 2.587s

OK
...
----------------------------------------------------------------------
Ran 3 tests in 2.510s

OK
...
----------------------------------------------------------------------
Ran 3 tests in 2.560s

OK
...
----------------------------------------------------------------------
Ran 3 tests in 2.653s

OK
...
----------------------------------------------------------------------
Ran 3 tests in 2.451s

OK
...
----------------------------------------------------------------------
Ran 3 tests in 2.543s

OK
...
----------------------------------------------------------------------
Ran 3 tests in 2.618s

OK
...
----------------------------------------------------------------------
Ran 3 tests in 2.640s

OK
...
----------------------------------------------------------------------
Ran 3 tests in 2.404s

OK
...
----------------------------------------------------------------------
Ran 3 tests in 2.587s

OK
...
----------------------------------------------------------------------
Ran 3 tests in 2.679s

OK
...
----------------------------------------------------------------------
Ran 3 tests in 2.636s

OK
...
----------------------------------------------------------------------
Ran 3 tests in 2.665s

OK
...
----------------------------------------------------------------------
Ran 3 tests in 2.663s

OK
...
----------------------------------------------------------------------
Ran 3 tests in 2.776s

OK
...
----------------------------------------------------------------------
Ran 3 tests in 2.580s

OK
...
----------------------------------------------------------------------
Ran 3 tests in 2.620s

OK
...
----------------------------------------------------------------------
Ran 3 tests in 2.531s

OK
...
----------------------------------------------------------------------
Ran 3 tests in 2.650s

OK
.F.
======================================================================
FAIL: test_add_user (__main__.Test)
----------------------------------------------------------------------
Traceback (most recent call last):
  File "unit_test.py", line 36, in test_add_user
    self.assertEqual(UserController.add_user(self.user_1), 'DUPLICATE')
AssertionError: 'SUCCESS' != 'DUPLICATE'
- SUCCESS
+ DUPLICATE


----------------------------------------------------------------------
Ran 3 tests in 2.176s

FAILED (failures=1)
...
----------------------------------------------------------------------
Ran 3 tests in 2.656s

OK
...
----------------------------------------------------------------------
Ran 3 tests in 2.463s

OK
.F.
======================================================================
FAIL: test_add_user (__main__.Test)
----------------------------------------------------------------------
Traceback (most recent call last):
  File "unit_test.py", line 35, in test_add_user
    self.assertEqual(UserController.add_user(self.user_1), 'SUCCESS')
AssertionError: 'DUPLICATE' != 'SUCCESS'
- DUPLICATE
+ SUCCESS


----------------------------------------------------------------------
Ran 3 tests in 2.077s

FAILED (failures=1)
.F.
======================================================================
FAIL: test_add_user (__main__.Test)
----------------------------------------------------------------------
Traceback (most recent call last):
  File "unit_test.py", line 35, in test_add_user
    self.assertEqual(UserController.add_user(self.user_1), 'SUCCESS')
AssertionError: 'DUPLICATE' != 'SUCCESS'
- DUPLICATE
+ SUCCESS


----------------------------------------------------------------------
Ran 3 tests in 1.837s

FAILED (failures=1)
...
----------------------------------------------------------------------
Ran 3 tests in 2.488s

OK
...
----------------------------------------------------------------------
Ran 3 tests in 2.697s

OK
...
----------------------------------------------------------------------
Ran 3 tests in 2.435s

OK
...
----------------------------------------------------------------------
Ran 3 tests in 2.763s

OK
...
----------------------------------------------------------------------
Ran 3 tests in 2.694s

OK
...
----------------------------------------------------------------------
Ran 3 tests in 2.600s

OK
...
----------------------------------------------------------------------
Ran 3 tests in 2.403s

OK
...
----------------------------------------------------------------------
Ran 3 tests in 2.617s

OK
...
----------------------------------------------------------------------
Ran 3 tests in 2.594s

OK
...
----------------------------------------------------------------------
Ran 3 tests in 2.475s

OK
...
----------------------------------------------------------------------
Ran 3 tests in 2.578s

OK
...
----------------------------------------------------------------------
Ran 3 tests in 2.605s

OK
...
----------------------------------------------------------------------
Ran 3 tests in 2.660s

OK
...
----------------------------------------------------------------------
Ran 3 tests in 2.709s

OK
...
----------------------------------------------------------------------
Ran 3 tests in 2.571s

OK
...
----------------------------------------------------------------------
Ran 3 tests in 2.600s

OK
...
----------------------------------------------------------------------
Ran 3 tests in 2.774s

OK
...
----------------------------------------------------------------------
Ran 3 tests in 2.419s

OK
...
----------------------------------------------------------------------
Ran 3 tests in 2.484s

OK
...
----------------------------------------------------------------------
Ran 3 tests in 2.535s

OK
...
----------------------------------------------------------------------
Ran 3 tests in 2.611s

OK
...
----------------------------------------------------------------------
Ran 3 tests in 2.500s

OK
...
----------------------------------------------------------------------
Ran 3 tests in 2.454s

OK
...
----------------------------------------------------------------------
Ran 3 tests in 2.749s

OK
...
----------------------------------------------------------------------
Ran 3 tests in 2.475s

OK
...
----------------------------------------------------------------------
Ran 3 tests in 2.547s

OK
...
----------------------------------------------------------------------
Ran 3 tests in 2.582s

OK
...
----------------------------------------------------------------------
Ran 3 tests in 2.525s

OK
...
----------------------------------------------------------------------
Ran 3 tests in 2.828s

OK
...
----------------------------------------------------------------------
Ran 3 tests in 2.554s

OK
...
----------------------------------------------------------------------
Ran 3 tests in 2.446s

OK
...
----------------------------------------------------------------------
Ran 3 tests in 2.407s

OK
...
----------------------------------------------------------------------
Ran 3 tests in 2.674s

OK
...
----------------------------------------------------------------------
Ran 3 tests in 2.497s

OK
...
----------------------------------------------------------------------
Ran 3 tests in 2.998s

OK
...
----------------------------------------------------------------------
Ran 3 tests in 2.642s

OK
...
----------------------------------------------------------------------
Ran 3 tests in 2.598s

OK
...
----------------------------------------------------------------------
Ran 3 tests in 2.776s

OK
.F.
======================================================================
FAIL: test_add_user (__main__.Test)
----------------------------------------------------------------------
Traceback (most recent call last):
  File "unit_test.py", line 35, in test_add_user
    self.assertEqual(UserController.add_user(self.user_1), 'SUCCESS')
AssertionError: 'DUPLICATE' != 'SUCCESS'
- DUPLICATE
+ SUCCESS


----------------------------------------------------------------------
Ran 3 tests in 1.890s

FAILED (failures=1)
...
----------------------------------------------------------------------
Ran 3 tests in 2.815s

OK
...
----------------------------------------------------------------------
Ran 3 tests in 2.792s

OK
...
----------------------------------------------------------------------
Ran 3 tests in 2.654s

OK
...
----------------------------------------------------------------------
Ran 3 tests in 2.751s

OK
...
----------------------------------------------------------------------
Ran 3 tests in 2.502s

OK
...
----------------------------------------------------------------------
Ran 3 tests in 2.594s

OK
...
----------------------------------------------------------------------
Ran 3 tests in 2.719s

OK
...
----------------------------------------------------------------------
Ran 3 tests in 2.655s

OK
...
----------------------------------------------------------------------
Ran 3 tests in 2.610s

OK
...
----------------------------------------------------------------------
Ran 3 tests in 2.698s

OK
...
----------------------------------------------------------------------
Ran 3 tests in 2.706s

OK
...
----------------------------------------------------------------------
Ran 3 tests in 2.702s

OK
...
----------------------------------------------------------------------
Ran 3 tests in 2.399s

OK
...
----------------------------------------------------------------------
Ran 3 tests in 2.557s

OK
...
----------------------------------------------------------------------
Ran 3 tests in 2.750s

OK
...
----------------------------------------------------------------------
Ran 3 tests in 2.702s

OK
...
----------------------------------------------------------------------
Ran 3 tests in 2.594s

OK
...
----------------------------------------------------------------------
Ran 3 tests in 2.498s

OK
...
----------------------------------------------------------------------
Ran 3 tests in 2.626s

OK
...
----------------------------------------------------------------------
Ran 3 tests in 2.613s

OK
...
----------------------------------------------------------------------
Ran 3 tests in 2.417s

OK
...
----------------------------------------------------------------------
Ran 3 tests in 2.564s

OK
...
----------------------------------------------------------------------
Ran 3 tests in 2.770s

OK
...
----------------------------------------------------------------------
Ran 3 tests in 2.952s

OK
...
----------------------------------------------------------------------
Ran 3 tests in 2.520s

OK
.F.
======================================================================
FAIL: test_add_user (__main__.Test)
----------------------------------------------------------------------
Traceback (most recent call last):
  File "unit_test.py", line 36, in test_add_user
    self.assertEqual(UserController.add_user(self.user_1), 'DUPLICATE')
AssertionError: 'SUCCESS' != 'DUPLICATE'
- SUCCESS
+ DUPLICATE


----------------------------------------------------------------------
Ran 3 tests in 2.526s

FAILED (failures=1)
...
----------------------------------------------------------------------
Ran 3 tests in 2.461s

OK
.F.
======================================================================
FAIL: test_add_user (__main__.Test)
----------------------------------------------------------------------
Traceback (most recent call last):
  File "unit_test.py", line 35, in test_add_user
    self.assertEqual(UserController.add_user(self.user_1), 'SUCCESS')
AssertionError: 'DUPLICATE' != 'SUCCESS'
- DUPLICATE
+ SUCCESS


----------------------------------------------------------------------
Ran 3 tests in 2.006s

FAILED (failures=1)
...
----------------------------------------------------------------------
Ran 3 tests in 2.797s

OK
...
----------------------------------------------------------------------
Ran 3 tests in 2.483s

OK
...
----------------------------------------------------------------------
Ran 3 tests in 2.701s

OK
.F.
======================================================================
FAIL: test_add_user (__main__.Test)
----------------------------------------------------------------------
Traceback (most recent call last):
  File "unit_test.py", line 35, in test_add_user
    self.assertEqual(UserController.add_user(self.user_1), 'SUCCESS')
AssertionError: 'DUPLICATE' != 'SUCCESS'
- DUPLICATE
+ SUCCESS


----------------------------------------------------------------------
Ran 3 tests in 1.837s

FAILED (failures=1)
...
----------------------------------------------------------------------
Ran 3 tests in 2.616s

OK
...
----------------------------------------------------------------------
Ran 3 tests in 2.499s

OK
...
----------------------------------------------------------------------
Ran 3 tests in 2.649s

OK
...
----------------------------------------------------------------------
Ran 3 tests in 2.505s

OK
...
----------------------------------------------------------------------
Ran 3 tests in 2.635s

OK
...
----------------------------------------------------------------------
Ran 3 tests in 2.627s

OK
...
----------------------------------------------------------------------
Ran 3 tests in 2.517s

OK
...
----------------------------------------------------------------------
Ran 3 tests in 2.497s

OK
...
----------------------------------------------------------------------
Ran 3 tests in 2.591s

OK
...
----------------------------------------------------------------------
Ran 3 tests in 2.610s

OK
...
----------------------------------------------------------------------
Ran 3 tests in 2.386s

OK
...
----------------------------------------------------------------------
Ran 3 tests in 2.607s

OK
...
----------------------------------------------------------------------
Ran 3 tests in 2.566s

OK
...
----------------------------------------------------------------------
Ran 3 tests in 2.632s

OK
...
----------------------------------------------------------------------
Ran 3 tests in 2.551s

OK
...
----------------------------------------------------------------------
Ran 3 tests in 2.762s

OK
...
----------------------------------------------------------------------
Ran 3 tests in 2.557s

OK
...
----------------------------------------------------------------------
Ran 3 tests in 2.776s

OK
...
----------------------------------------------------------------------
Ran 3 tests in 2.868s

OK
...
----------------------------------------------------------------------
Ran 3 tests in 2.994s

OK
...
----------------------------------------------------------------------
Ran 3 tests in 2.651s

OK
...
----------------------------------------------------------------------
Ran 3 tests in 2.575s

OK
...
----------------------------------------------------------------------
Ran 3 tests in 2.508s

OK
...
----------------------------------------------------------------------
Ran 3 tests in 2.682s

OK
...
----------------------------------------------------------------------
Ran 3 tests in 2.749s

OK
...
----------------------------------------------------------------------
Ran 3 tests in 2.846s

OK
.F.
======================================================================
FAIL: test_add_user (__main__.Test)
----------------------------------------------------------------------
Traceback (most recent call last):
  File "unit_test.py", line 35, in test_add_user
    self.assertEqual(UserController.add_user(self.user_1), 'SUCCESS')
AssertionError: 'DUPLICATE' != 'SUCCESS'
- DUPLICATE
+ SUCCESS


----------------------------------------------------------------------
Ran 3 tests in 1.836s

FAILED (failures=1)
...
----------------------------------------------------------------------
Ran 3 tests in 2.721s

OK
...
----------------------------------------------------------------------
Ran 3 tests in 2.416s

OK
...
----------------------------------------------------------------------
Ran 3 tests in 2.613s

OK
...
----------------------------------------------------------------------
Ran 3 tests in 2.823s

OK
...
----------------------------------------------------------------------
Ran 3 tests in 2.615s

OK
...
----------------------------------------------------------------------
Ran 3 tests in 2.478s

OK
...
----------------------------------------------------------------------
Ran 3 tests in 2.612s

OK
...
----------------------------------------------------------------------
Ran 3 tests in 2.630s

OK
...
----------------------------------------------------------------------
Ran 3 tests in 2.445s

OK
...
----------------------------------------------------------------------
Ran 3 tests in 2.614s

OK
...
----------------------------------------------------------------------
Ran 3 tests in 2.577s

OK
...
----------------------------------------------------------------------
Ran 3 tests in 2.634s

OK
...
----------------------------------------------------------------------
Ran 3 tests in 2.605s

OK
...
----------------------------------------------------------------------
Ran 3 tests in 2.765s

OK
...
----------------------------------------------------------------------
Ran 3 tests in 2.575s

OK
...
----------------------------------------------------------------------
Ran 3 tests in 2.576s

OK
...
----------------------------------------------------------------------
Ran 3 tests in 2.558s

OK
...
----------------------------------------------------------------------
Ran 3 tests in 2.754s

OK
...
----------------------------------------------------------------------
Ran 3 tests in 2.519s

OK
...
----------------------------------------------------------------------
Ran 3 tests in 2.902s

OK
...
----------------------------------------------------------------------
Ran 3 tests in 2.630s

OK
...
----------------------------------------------------------------------
Ran 3 tests in 2.874s

OK
...
----------------------------------------------------------------------
Ran 3 tests in 2.533s

OK
...
----------------------------------------------------------------------
Ran 3 tests in 2.791s

OK
...
----------------------------------------------------------------------
Ran 3 tests in 2.629s

OK
.F.
======================================================================
FAIL: test_add_user (__main__.Test)
----------------------------------------------------------------------
Traceback (most recent call last):
  File "unit_test.py", line 35, in test_add_user
    self.assertEqual(UserController.add_user(self.user_1), 'SUCCESS')
AssertionError: 'DUPLICATE' != 'SUCCESS'
- DUPLICATE
+ SUCCESS


----------------------------------------------------------------------
Ran 3 tests in 1.869s

FAILED (failures=1)
...
----------------------------------------------------------------------
Ran 3 tests in 2.596s

OK
.F.
======================================================================
FAIL: test_add_user (__main__.Test)
----------------------------------------------------------------------
Traceback (most recent call last):
  File "unit_test.py", line 35, in test_add_user
    self.assertEqual(UserController.add_user(self.user_1), 'SUCCESS')
AssertionError: 'DUPLICATE' != 'SUCCESS'
- DUPLICATE
+ SUCCESS


----------------------------------------------------------------------
Ran 3 tests in 1.924s

FAILED (failures=1)
...
----------------------------------------------------------------------
Ran 3 tests in 2.476s

OK
...
----------------------------------------------------------------------
Ran 3 tests in 2.684s

OK
...
----------------------------------------------------------------------
Ran 3 tests in 2.654s

OK
...
----------------------------------------------------------------------
Ran 3 tests in 2.555s

OK
...
----------------------------------------------------------------------
Ran 3 tests in 2.788s

OK
...
----------------------------------------------------------------------
Ran 3 tests in 2.939s

OK
...
----------------------------------------------------------------------
Ran 3 tests in 2.606s

OK
...
----------------------------------------------------------------------
Ran 3 tests in 2.745s

OK
...
----------------------------------------------------------------------
Ran 3 tests in 3.010s

OK
...
----------------------------------------------------------------------
Ran 3 tests in 2.480s

OK
...
----------------------------------------------------------------------
Ran 3 tests in 2.624s

OK
...
----------------------------------------------------------------------
Ran 3 tests in 2.822s

OK
...
----------------------------------------------------------------------
Ran 3 tests in 2.551s

OK
...
----------------------------------------------------------------------
Ran 3 tests in 2.586s

OK
...
----------------------------------------------------------------------
Ran 3 tests in 2.601s

OK
...
----------------------------------------------------------------------
Ran 3 tests in 2.616s

OK
...
----------------------------------------------------------------------
Ran 3 tests in 17.806s

OK
...
----------------------------------------------------------------------
Ran 3 tests in 2.509s

OK
...
----------------------------------------------------------------------
Ran 3 tests in 2.720s

OK
